[MFLOG|0|2023-02-26T04:44:44.292381Z|runtime|cef0b71a-ab0e-4680-85c4-310d46edecef]The command is: 
[MFLOG|0|2023-02-26T04:44:44.292708Z|runtime|36df4c9c-b783-4ae8-85a4-743a266701f9] 
[MFLOG|0|2023-02-26T04:44:44.292881Z|runtime|468befd9-c701-4293-be60-d11e3f6a8571]        if ! docker stop cmssw-19949 && ! docker rm cmssw-19949; then
[MFLOG|0|2023-02-26T04:44:44.293026Z|runtime|4009192f-ea48-4369-b04a-9f2f39ebbb38]            echo "some_command returned an error"
[MFLOG|0|2023-02-26T04:44:44.293144Z|runtime|35befca3-5c66-40f9-8eb1-8df52d789a3e]        else
[MFLOG|0|2023-02-26T04:44:44.293277Z|runtime|1d8aee13-1adb-43d5-ae95-4ca0180a3715]            docker stop cmssw-19949 && docker rm cmssw-19949
[MFLOG|0|2023-02-26T04:44:44.293405Z|runtime|511256c8-3517-41ae-a476-e92b91ad5bf8]        fi &&         docker run         --name cmssw-19949         --mount type=bind,source=/home/abd/Desktop/Work/Final_Version/Metaflow,target=/home/abd/Desktop/Work/Final_Version/Metaflow         cmsopendata/cmssw_7_6_7-slc6_amd64_gcc493         bash /home/abd/Desktop/Work/Final_Version/Metaflow/code/CMS-Analysis/runpoet-bash.sh /home/abd/Desktop/Work/Final_Version/Metaflow/data/CMS-Analysis/vol 2 19949 1 &&         docker stop cmssw-19949 &&         docker rm cmssw-19949
[MFLOG|0|2023-02-26T04:44:44.293543Z|runtime|e4e87f28-7132-443a-acbf-bc57457461e3]        
[MFLOG|0|2023-02-26T04:44:44.293658Z|runtime|6a861fe1-7b6d-486c-abe1-d009e70450d1]The output is: 
[MFLOG|0|2023-02-26T04:44:44.293784Z|runtime|7261b269-1264-400a-b054-fb7f97c0ee1d] some_command returned an error
[MFLOG|0|2023-02-26T04:44:44.293908Z|runtime|dea7178f-01a0-479b-aafe-34f18ad9ee74]Setting up CMSSW_7_6_7
[MFLOG|0|2023-02-26T04:44:44.294027Z|runtime|a2c1119e-bd85-41d8-b9e0-3435048284a6]CMSSW should now be available.
[MFLOG|0|2023-02-26T04:44:44.294154Z|runtime|cfe7515f-b5e3-4965-be28-eadc674ab835]This is a standalone image for CMSSW_7_6_7 slc6_amd64_gcc493.
[MFLOG|0|2023-02-26T04:44:44.294275Z|runtime|8952f04a-3c96-4906-93e0-7d3324bba2d3]inside script file
[MFLOG|0|2023-02-26T04:44:44.294401Z|runtime|79779da9-19b5-4a4c-8612-26e8a521d12a]Setting up CMSSW_7_6_7
[MFLOG|0|2023-02-26T04:44:44.294537Z|runtime|2c05e027-e9c6-4e4f-8e00-77452040a261]CMSSW should now be available.
[MFLOG|0|2023-02-26T04:44:44.294673Z|runtime|2c1da490-9635-43a4-8b0d-7479c712199e]This is a standalone image for CMSSW_7_6_7 slc6_amd64_gcc493.
[MFLOG|0|2023-02-26T04:44:44.294822Z|runtime|59571cee-a0c9-4c49-a272-60e9334ffb07]>> Local Products Rules ..... started
[MFLOG|0|2023-02-26T04:44:44.294956Z|runtime|1f4ded38-6a93-4386-b9bf-810f73ba82f2]>> Local Products Rules ..... done
[MFLOG|0|2023-02-26T04:44:44.295099Z|runtime|239b4b7b-6075-437c-a278-e61e117a1d55]>> Entering Package PhysObjectExtractorTool/PhysObjectExtractor
[MFLOG|0|2023-02-26T04:44:44.295220Z|runtime|4c43c3f8-46ca-4112-a59f-3b7f24cbec5c]------- copying files from src/PhysObjectExtractorTool/PhysObjectExtractor/scripts -------
[MFLOG|0|2023-02-26T04:44:44.295341Z|runtime|d033c132-82cc-40a5-a60f-d8b79b309068]>> copied merge_trees.py
[MFLOG|0|2023-02-26T04:44:44.295461Z|runtime|cc7cb897-dedd-401b-9eef-70ab4115b72e]>> copied ntuples-gen.py
[MFLOG|0|2023-02-26T04:44:44.295601Z|runtime|a67a9408-2c26-47c3-a9be-c03c96be1cf9]>> Creating project symlinks
[MFLOG|0|2023-02-26T04:44:44.295736Z|runtime|d115b01a-aa0e-44a9-b0d0-05e637ee20f4]  src/PhysObjectExtractorTool/PhysObjectExtractor/python -> python/PhysObjectExtractorTool/PhysObjectExtractor
[MFLOG|0|2023-02-26T04:44:44.295898Z|runtime|8468ad27-8739-4519-9175-0e8bfe904026]Entering library rule at PhysObjectExtractorTool/PhysObjectExtractor
[MFLOG|0|2023-02-26T04:44:44.296013Z|runtime|0445d541-17c0-4d0b-8f0e-879863f8f07a]>> Compiling edm plugin /code/CMSSW_7_6_7/src/PhysObjectExtractorTool/PhysObjectExtractor/src/ElectronAnalyzer.cc 
[MFLOG|0|2023-02-26T04:44:44.296121Z|runtime|7c8a569b-3e6c-4e79-bab6-376057caea71]>> Compiling edm plugin /code/CMSSW_7_6_7/src/PhysObjectExtractorTool/PhysObjectExtractor/src/FatjetAnalyzer.cc 
[MFLOG|0|2023-02-26T04:44:44.296227Z|runtime|965cc4a5-82d3-4ecf-8b73-45a15d865823]>> Compiling edm plugin /code/CMSSW_7_6_7/src/PhysObjectExtractorTool/PhysObjectExtractor/src/GenParticleAnalyzer.cc 
[MFLOG|0|2023-02-26T04:44:44.296332Z|runtime|5a6c20ea-bb71-4866-96af-afe3cfc0e449]>> Compiling edm plugin /code/CMSSW_7_6_7/src/PhysObjectExtractorTool/PhysObjectExtractor/src/JetAnalyzer.cc 
[MFLOG|0|2023-02-26T04:44:44.296440Z|runtime|7e6f9621-b667-4055-b661-310d81bb6aff]>> Compiling edm plugin /code/CMSSW_7_6_7/src/PhysObjectExtractorTool/PhysObjectExtractor/src/MetAnalyzer.cc 
[MFLOG|0|2023-02-26T04:44:44.296548Z|runtime|dd6da5d0-ccc4-41b1-86a8-e827b8e270ff]>> Compiling edm plugin /code/CMSSW_7_6_7/src/PhysObjectExtractorTool/PhysObjectExtractor/src/MuonAnalyzer.cc 
[MFLOG|0|2023-02-26T04:44:44.296656Z|runtime|5bb6df26-456f-4197-8cfd-545df0af6e31]>> Compiling edm plugin /code/CMSSW_7_6_7/src/PhysObjectExtractorTool/PhysObjectExtractor/src/PhotonAnalyzer.cc 
[MFLOG|0|2023-02-26T04:44:44.296761Z|runtime|4a4d49f5-3456-4911-8dae-3cdf5aa7afa5]>> Compiling edm plugin /code/CMSSW_7_6_7/src/PhysObjectExtractorTool/PhysObjectExtractor/src/SimpleEleMuFilter.cc 
[MFLOG|0|2023-02-26T04:44:44.296867Z|runtime|45623117-c720-486b-802d-ec9deba3be0f]>> Compiling edm plugin /code/CMSSW_7_6_7/src/PhysObjectExtractorTool/PhysObjectExtractor/src/SimpleTriggerAnalyzer.cc 
[MFLOG|0|2023-02-26T04:44:44.296973Z|runtime|91e6f37d-6758-4d43-99af-820228c1a459]>> Compiling edm plugin /code/CMSSW_7_6_7/src/PhysObjectExtractorTool/PhysObjectExtractor/src/TauAnalyzer.cc 
[MFLOG|0|2023-02-26T04:44:44.297079Z|runtime|2103821d-4292-49bb-9b03-b20edef6170a]>> Compiling edm plugin /code/CMSSW_7_6_7/src/PhysObjectExtractorTool/PhysObjectExtractor/src/TriggObjectAnalyzer.cc 
[MFLOG|0|2023-02-26T04:44:44.297185Z|runtime|e0414478-0d49-46a1-bba6-d66c29bc8d87]>> Compiling edm plugin /code/CMSSW_7_6_7/src/PhysObjectExtractorTool/PhysObjectExtractor/src/TriggerAnalyzer.cc 
[MFLOG|0|2023-02-26T04:44:44.297290Z|runtime|807056ca-35b3-4af2-b044-6d6c562af35d]>> Compiling edm plugin /code/CMSSW_7_6_7/src/PhysObjectExtractorTool/PhysObjectExtractor/src/VertexAnalyzer.cc 
[MFLOG|0|2023-02-26T04:44:44.297396Z|runtime|4b2f829f-eef1-416b-9f38-668d4871099c]>> Building edm plugin tmp/slc6_amd64_gcc493/src/PhysObjectExtractorTool/PhysObjectExtractor/src/PhysObjectExtractorToolPhysObjectExtractor/libPhysObjectExtractorToolPhysObjectExtractor.so
[MFLOG|0|2023-02-26T04:44:44.297502Z|runtime|43736a17-753f-483b-8f12-2cbf9fffd25f]Leaving library rule at PhysObjectExtractorTool/PhysObjectExtractor
[MFLOG|0|2023-02-26T04:44:44.297608Z|runtime|072c4df5-454e-45f3-8836-21cf118eb297]@@@@ Running edmWriteConfigs for PhysObjectExtractorToolPhysObjectExtractor
[MFLOG|0|2023-02-26T04:44:44.297714Z|runtime|390dfa57-2939-431e-8463-ed648cbdfbf2]--- Registered EDM Plugin: PhysObjectExtractorToolPhysObjectExtractor
[MFLOG|0|2023-02-26T04:44:44.297819Z|runtime|95bec2bd-15c8-4ff7-ba1e-8cfe3d9b99ea]>> Leaving Package PhysObjectExtractorTool/PhysObjectExtractor
[MFLOG|0|2023-02-26T04:44:44.297929Z|runtime|f9703c35-a368-4f20-a084-796a847304ae]>> Package PhysObjectExtractorTool/PhysObjectExtractor built
[MFLOG|0|2023-02-26T04:44:44.298051Z|runtime|c5efd36e-b5f5-46c0-ad30-2e18375248d0]>> Local Products Rules ..... started
[MFLOG|0|2023-02-26T04:44:44.298189Z|runtime|8e1b0b1c-32f1-4e9d-bf19-01caf296c6b1]>> Local Products Rules ..... done
[MFLOG|0|2023-02-26T04:44:44.298317Z|runtime|8937aa3e-65ed-4972-98ce-ac2450b31cf4]gmake[1]: Entering directory `/code/CMSSW_7_6_7'
[MFLOG|0|2023-02-26T04:44:44.298442Z|runtime|f2e269a6-e7f1-4d5c-8c4b-75d450470857]>> Creating project symlinks
[MFLOG|0|2023-02-26T04:44:44.300034Z|runtime|ecf7ef09-ed31-48e2-af58-68953b48c65d]  src/PhysObjectExtractorTool/PhysObjectExtractor/python -> python/PhysObjectExtractorTool/PhysObjectExtractor
[MFLOG|0|2023-02-26T04:44:44.300201Z|runtime|2f12fd89-919b-408a-827a-059df4363dd9]>> Done python_symlink
[MFLOG|0|2023-02-26T04:44:44.300358Z|runtime|45f0ee68-f051-42f7-8bd9-ef4b1358eec8]>> Compiling python modules python
[MFLOG|0|2023-02-26T04:44:44.300488Z|runtime|285b51b1-92c3-4c6d-9e9d-495596715838]>> Compiling python modules src/PhysObjectExtractorTool/PhysObjectExtractor/python
[MFLOG|0|2023-02-26T04:44:44.300640Z|runtime|d7d60b7e-6a06-4bd1-9567-5cae91c45e57]>> All python modules compiled
[MFLOG|0|2023-02-26T04:44:44.300763Z|runtime|9fada168-30dd-4698-b8ae-7f7dbf41763a]@@@@ Refreshing Plugins:edmPluginRefresh
[MFLOG|0|2023-02-26T04:44:44.300879Z|runtime|46133cf1-d4ff-4ce1-8633-858174ae10d4]>> Pluging of all type refreshed.
[MFLOG|0|2023-02-26T04:44:44.300994Z|runtime|828f7e5c-927a-4511-8937-bc12ec822200]>> Done generating edm plugin poisoned information
[MFLOG|0|2023-02-26T04:44:44.301167Z|runtime|cc8f804e-e3c8-49d4-9247-ed320f546f1f]gmake[1]: Leaving directory `/code/CMSSW_7_6_7'
[MFLOG|0|2023-02-26T04:44:45.199620Z|runtime|b545b9fd-b0fd-4e62-b43a-b00a059c77cd]2
[MFLOG|0|2023-02-26T04:44:45.199791Z|runtime|a3da39c4-9470-4709-818e-e222378ffc60]# Conditions read from  CMS_CONDITIONS  via FrontierProd 
[MFLOG|0|2023-02-26T04:44:45.199879Z|runtime|e78e832b-08d8-4a65-b74c-126f67e5c4b4]HLTConfig has changed for this Run. . . 
[MFLOG|0|2023-02-26T04:44:45.199978Z|runtime|cb668c01-a8e3-42dc-9740-6c23abe90a01]TrackerParametersESModule::produce(const PTrackerParametersRcd& iRecord)
[MFLOG|0|2023-02-26T04:44:45.200076Z|runtime|e5971508-3a75-408e-818c-d9189c03b288]42754
[MFLOG|0|2023-02-26T04:44:45.200172Z|runtime|75d59777-815d-42cb-8f58-ddcc875b7525]42754
[MFLOG|0|2023-02-26T04:44:45.200270Z|runtime|41dffdca-c45b-4ebb-8b87-0ed81bda89ca]cmssw-19949
[MFLOG|0|2023-02-26T04:44:45.200362Z|runtime|6411f906-f9f9-49d9-92bd-4479ac0b4a36]cmssw-19949
[MFLOG|0|2023-02-26T04:44:45.200456Z|runtime|e44d1ac8-dc3e-4174-ac32-544b1e1cfa3e]
[MFLOG|0|2023-02-26T04:44:45.200546Z|runtime|51e749c5-45ee-49e7-89e7-5893ee3601c9]Return Code: 0
