[MFLOG|0|2023-02-26T10:09:11.872534Z|runtime|6fd1b644-1edc-49d5-b19d-e5cadb0ef78f]The command is: 
[MFLOG|0|2023-02-26T10:09:12.235141Z|runtime|85f2e754-d920-4ca8-b60c-ef692cbcc39a] 
[MFLOG|0|2023-02-26T10:09:12.235335Z|runtime|06271519-0d72-4470-a148-80daab8d4f19]        source /home/abd/root/root/bin/thisroot.sh        
[MFLOG|0|2023-02-26T10:09:12.235486Z|runtime|d9d35925-a90f-4062-9077-46c4016b2a0b]        hadd -f /home/abd/Desktop/Work/Final_Version/Metaflow/data/BSM-Search/mc1_shape_hist.root /home/abd/Desktop/Work/Final_Version/Metaflow/data/BSM-Search/mc1_shape_conv_up_hist.root /home/abd/Desktop/Work/Final_Version/Metaflow/data/BSM-Search/mc1_shape_conv_dn_hist.root
[MFLOG|0|2023-02-26T10:09:12.235603Z|runtime|a63b1e8e-eef1-46bd-8d11-df1733859e34]    
[MFLOG|0|2023-02-26T10:09:12.235719Z|runtime|2c836e64-f7d0-4099-a849-95541c316e91]The output is: 
[MFLOG|0|2023-02-26T10:09:12.235829Z|runtime|afd90192-4e85-4062-b7db-e993a32e9291] hadd Target file: /home/abd/Desktop/Work/Final_Version/Metaflow/data/BSM-Search/mc1_shape_hist.root
[MFLOG|0|2023-02-26T10:09:12.235933Z|runtime|fd398f4d-e7bf-4d91-8102-105488c3e6e7]hadd compression setting for all output: 1
[MFLOG|0|2023-02-26T10:09:12.236038Z|runtime|4960ec76-1e81-4c18-b4f2-0b6d7d02d26b]hadd Source file 1: /home/abd/Desktop/Work/Final_Version/Metaflow/data/BSM-Search/mc1_shape_conv_up_hist.root
[MFLOG|0|2023-02-26T10:09:12.236142Z|runtime|29d81aa6-2fe5-4848-a86a-a2e115757781]
[MFLOG|0|2023-02-26T10:09:12.236243Z|runtime|47e1ee87-05c2-4100-a31e-9ba0867517ad]Return Code: 1
[MFLOG|0|2023-02-26T10:09:12.236345Z|runtime|1698338c-5edf-447e-ad60-a80bde8c6284]The error is: 
[MFLOG|0|2023-02-26T10:09:12.236451Z|runtime|aadfd3a9-70f9-4315-a703-2858b6d5a90d] /bin/sh: 2: source: not found
[MFLOG|0|2023-02-26T10:09:12.236558Z|runtime|ebb77b76-9e49-4c10-afef-ff24f04ad159]Error in <TFile::TFile>: file /home/abd/Desktop/Work/Final_Version/Metaflow/data/BSM-Search/mc1_shape_conv_up_hist.root does not exist
[MFLOG|0|2023-02-26T10:09:12.236665Z|runtime|be9678ef-b8c7-4ddb-9f9a-ba96f3bfcc4a]Error in <TFileMerger::AddFile>: cannot open file /home/abd/Desktop/Work/Final_Version/Metaflow/data/BSM-Search/mc1_shape_conv_up_hist.root
[MFLOG|0|2023-02-26T10:09:12.236771Z|runtime|0d6893d0-1627-4722-938c-e8206d9af2b8]hadd exiting due to error in /home/abd/Desktop/Work/Final_Version/Metaflow/data/BSM-Search/mc1_shape_conv_up_hist.root
[MFLOG|0|2023-02-26T10:09:12.236877Z|runtime|b38f4514-7e67-4e83-ac84-d44582adbdf6]
[MFLOG|0|2023-02-26T10:09:12.236988Z|runtime|e81578e6-8de9-462e-ad5d-088b352dc3a3]The command is: 
[MFLOG|0|2023-02-26T10:09:13.050579Z|runtime|0ecc76d3-0051-4c0b-8dac-bb755eea6016] 
[MFLOG|0|2023-02-26T10:09:13.050760Z|runtime|50fcf914-d0ba-42ef-aeca-c3f7a6cb16c8]        source /home/abd/root/root/bin/thisroot.sh        
[MFLOG|0|2023-02-26T10:09:13.050871Z|runtime|2d32f1fc-9be9-4ad9-add8-360e14d9572d]        hadd -f /home/abd/Desktop/Work/Final_Version/Metaflow/data/BSM-Search/mc1_merged_hist.root /home/abd/Desktop/Work/Final_Version/Metaflow/data/BSM-Search/mc1_nominal_hist.root /home/abd/Desktop/Work/Final_Version/Metaflow/data/BSM-Search/mc1_shape_hist.root
[MFLOG|0|2023-02-26T10:09:13.050995Z|runtime|f7990a3c-695d-4448-998c-291d8474613e]    
[MFLOG|0|2023-02-26T10:09:13.051112Z|runtime|7f91cfdd-d56d-4abd-8e76-4d4b25352554]The output is: 
[MFLOG|0|2023-02-26T10:09:13.051227Z|runtime|cb642a0a-e47e-400d-98f9-6fdee376b5f6] hadd Target file: /home/abd/Desktop/Work/Final_Version/Metaflow/data/BSM-Search/mc1_merged_hist.root
[MFLOG|0|2023-02-26T10:09:13.051348Z|runtime|71b262fd-4a3a-4453-8fde-9f70898dec23]hadd compression setting for all output: 1
[MFLOG|0|2023-02-26T10:09:13.051489Z|runtime|7bd986b1-f989-460f-8135-82ed407fccdc]hadd Source file 1: /home/abd/Desktop/Work/Final_Version/Metaflow/data/BSM-Search/mc1_nominal_hist.root
[MFLOG|0|2023-02-26T10:09:13.051615Z|runtime|3b548646-27fb-41e1-884d-b495eca56dc7]
[MFLOG|0|2023-02-26T10:09:13.051736Z|runtime|f4c19418-001b-4554-9dd8-8dd9f9dd1f36]Return Code: 1
[MFLOG|0|2023-02-26T10:09:13.051856Z|runtime|1f28b3a8-dbf9-4545-af55-cc83347dbeaa]The error is: 
[MFLOG|0|2023-02-26T10:09:13.051975Z|runtime|c71b26f7-fecd-400a-99e8-3e1e10269df1] /bin/sh: 2: source: not found
[MFLOG|0|2023-02-26T10:09:13.052091Z|runtime|2c237e11-7bb6-4bdf-a937-65a45a57e4f8]Error in <TFile::TFile>: file /home/abd/Desktop/Work/Final_Version/Metaflow/data/BSM-Search/mc1_nominal_hist.root does not exist
[MFLOG|0|2023-02-26T10:09:13.052206Z|runtime|53e0e0c0-0564-46ab-8d7a-bdad9a3a9ace]Error in <TFileMerger::AddFile>: cannot open file /home/abd/Desktop/Work/Final_Version/Metaflow/data/BSM-Search/mc1_nominal_hist.root
[MFLOG|0|2023-02-26T10:09:13.052326Z|runtime|c5cb9651-591f-420d-bfce-9fee18b409e9]hadd exiting due to error in /home/abd/Desktop/Work/Final_Version/Metaflow/data/BSM-Search/mc1_nominal_hist.root
[MFLOG|0|2023-02-26T10:09:13.052442Z|runtime|38f5c5bb-e652-4059-970d-1b8d8dd7b5d6]
